feb 14, 2022 1:00:53 AM it.unipi.gamerlist.utils.Log initLog
INFO: Init Log
feb 14, 2022 1:03:06 AM it.unipi.gamerlist.utils.Log initLog
INFO: Init Log
feb 14, 2022 1:04:20 AM it.unipi.gamerlist.utils.Log initLog
INFO: Init Log
feb 14, 2022 1:05:19 AM it.unipi.gamerlist.utils.Log initLog
INFO: Init Log
feb 14, 2022 1:06:16 AM it.unipi.gamerlist.utils.Log initLog
INFO: Init Log
feb 14, 2022 1:07:12 AM it.unipi.gamerlist.utils.Log initLog
INFO: Init Log
feb 16, 2022 5:30:28 PM it.unipi.gamerlist.utils.Log initLog
INFO: Init Log
feb 16, 2022 8:32:18 PM it.unipi.gamerlist.utils.Log initLog
INFO: Init Log
feb 16, 2022 8:40:30 PM it.unipi.gamerlist.utils.Log initLog
INFO: Init Log
feb 16, 2022 8:41:56 PM it.unipi.gamerlist.utils.Log initLog
INFO: Init Log
feb 16, 2022 8:52:40 PM it.unipi.gamerlist.utils.Log initLog
INFO: Init Log
feb 16, 2022 9:06:01 PM it.unipi.gamerlist.utils.Log initLog
INFO: Init Log
feb 16, 2022 9:36:31 PM it.unipi.gamerlist.utils.Log initLog
INFO: Init Log
feb 16, 2022 9:37:21 PM it.unipi.gamerlist.model.Review delete
INFO: ERROR insert review620d60058f79dc7baca28d7b in Neo4j
feb 16, 2022 9:38:18 PM it.unipi.gamerlist.utils.Log initLog
INFO: Init Log
feb 16, 2022 9:38:36 PM it.unipi.gamerlist.model.Review delete
INFO: ERROR insert review620d60873d0149197eda6487 in Neo4j
feb 16, 2022 9:48:55 PM it.unipi.gamerlist.utils.Log initLog
INFO: Init Log
feb 16, 2022 9:53:32 PM it.unipi.gamerlist.utils.Log initLog
INFO: Init Log
feb 16, 2022 10:05:43 PM it.unipi.gamerlist.utils.Log initLog
INFO: Init Log
feb 16, 2022 10:08:39 PM it.unipi.gamerlist.utils.Log initLog
INFO: Init Log
feb 16, 2022 10:13:04 PM it.unipi.gamerlist.utils.Log initLog
INFO: Init Log
feb 16, 2022 10:16:18 PM it.unipi.gamerlist.utils.Log initLog
INFO: Init Log
feb 16, 2022 10:19:34 PM it.unipi.gamerlist.utils.Log initLog
INFO: Init Log
feb 16, 2022 10:22:14 PM it.unipi.gamerlist.utils.Log initLog
INFO: Init Log
feb 16, 2022 10:26:35 PM it.unipi.gamerlist.utils.Log initLog
INFO: Init Log
feb 16, 2022 10:29:56 PM it.unipi.gamerlist.utils.Log initLog
INFO: Init Log
feb 16, 2022 10:31:40 PM it.unipi.gamerlist.utils.Log initLog
INFO: Init Log
feb 16, 2022 10:33:52 PM it.unipi.gamerlist.utils.Log initLog
INFO: Init Log
feb 16, 2022 10:37:36 PM it.unipi.gamerlist.utils.Log initLog
INFO: Init Log
feb 16, 2022 10:39:21 PM it.unipi.gamerlist.utils.Log initLog
INFO: Init Log
feb 16, 2022 10:42:33 PM it.unipi.gamerlist.utils.Log initLog
INFO: Init Log
feb 16, 2022 10:43:45 PM it.unipi.gamerlist.utils.Log initLog
INFO: Init Log
